<?xml version="1.0" encoding="UTF-8" ?>
<testsuite tests="8" failures="0" name="Database_Integration.InsertFormController_UnitTest" time="0.003" errors="0" skipped="0">
  <properties>
    <property name="idea.version" value="2017.2.5"/>
    <property name="java.runtime.name" value="Java(TM) SE Runtime Environment"/>
    <property name="sun.boot.library.path" value="C:\Program Files\Java\jdk1.8.0_111\jre\bin"/>
    <property name="java.vm.version" value="25.111-b14"/>
    <property name="java.vm.vendor" value="Oracle Corporation"/>
    <property name="maven.multiModuleProjectDirectory" value="D:\Programming\IntellijProjects\Database_GUI\Database_Interface_Maven"/>
    <property name="java.vendor.url" value="http://java.oracle.com/"/>
    <property name="path.separator" value=";"/>
    <property name="guice.disable.misplaced.annotation.check" value="true"/>
    <property name="java.vm.name" value="Java HotSpot(TM) 64-Bit Server VM"/>
    <property name="file.encoding.pkg" value="sun.io"/>
    <property name="user.script" value=""/>
    <property name="user.country" value="US"/>
    <property name="sun.java.launcher" value="SUN_STANDARD"/>
    <property name="sun.os.patch.level" value=""/>
    <property name="java.vm.specification.name" value="Java Virtual Machine Specification"/>
    <property name="user.dir" value="D:\Programming\IntellijProjects\Database_GUI\Database_Interface_Maven"/>
    <property name="java.runtime.version" value="1.8.0_111-b14"/>
    <property name="java.awt.graphicsenv" value="sun.awt.Win32GraphicsEnvironment"/>
    <property name="java.endorsed.dirs" value="C:\Program Files\Java\jdk1.8.0_111\jre\lib\endorsed"/>
    <property name="os.arch" value="amd64"/>
    <property name="visualvm.id" value="234710727164707"/>
    <property name="java.io.tmpdir" value="C:\Users\User1\AppData\Local\Temp\"/>
    <property name="line.separator" value="
"/>
    <property name="java.vm.specification.vendor" value="Oracle Corporation"/>
    <property name="user.variant" value=""/>
    <property name="os.name" value="Windows 10"/>
    <property name="classworlds.conf" value="C:\Program Files\JetBrains\IntelliJ IDEA 2017.2.2\plugins\maven\lib\maven3\bin\m2.conf"/>
    <property name="sun.jnu.encoding" value="Cp1252"/>
    <property name="java.library.path" value="C:\Program Files\Java\jdk1.8.0_111\bin;C:\WINDOWS\Sun\Java\bin;C:\WINDOWS\system32;C:\WINDOWS;C:\Program Files\ImageMagick-7.0.7-Q16;C:\Program Files (x86)\HP\NV\lib\shunra\vcat;C:\Programming Languages\Perl\site\bin;C:\Programming Languages\Perl\bin;D:\app\User1\product\12.1.0\dbhome_2\bin;D:\app\User1\product\12.1.0\dbhome_1\bin;C:\ProgramData\Oracle\Java\javapath;C:\Windows\system32;C:\Windows;C:\Windows\System32\Wbem;C:\Windows\System32\WindowsPowerShell\v1.0\;C:\Program Files (x86)\NVIDIA Corporation\PhysX\Common;C:\Program Files\Microsoft SQL Server\120\DTS\Binn\;C:\Program Files\Microsoft SQL Server\Client SDK\ODBC\110\Tools\Binn\;C:\Program Files (x86)\Microsoft SQL Server\120\Tools\Binn\;C:\Program Files\Microsoft SQL Server\120\Tools\Binn\;C:\Program Files (x86)\Microsoft SQL Server\120\Tools\Binn\ManagementStudio\;C:\Program Files (x86)\Microsoft SQL Server\120\DTS\Binn\;C:\WINDOWS\system32\config\systemprofile\.dnx\bin;C:\Program Files\Microsoft DNX\Dnvm\;C:\Programming Languages\Ruby22-x64\bin;C:\Program Files (x86)\GtkSharp\2.12\bin;D:\Program Files\Apache_Maven\bin;D:\Program Files\Apache_Maven\bin;D:\Android_Tools\Android-SDKS\tools;D:\Android_Tools\Android-SDKS\platform-tools;D:\Program Files\Gradle\gradle-2.4\bin;D:\Program Files\Apache_Ant\apache-ant-1.9.6\bin;C:\Program Files\Java\jdk1.8.0_111\bin;D:\wamp\bin\php\php7.0.0;D:\wamp\bin\mysql\mysql5.7.9\bin;D:\Program Files\Grails\grails-3.0.2\bin;D:\Android_Tools\Android-NDK;D:\Android_Tools\Android-SDKS;C:\Program Files\MongoDB\Server\3.4\bin;C:\Programming Languages\groovy-2.4.4\bin;C:\Programming Languages\jruby-9.0.0.0\bin;C:\ProgramData\ComposerSetup\bin;C:\Program Files (x86)\MySQL\MySQL Fabric 1.5 &amp; MySQL Utilities 1.5\;C:\Program Files (x86)\MySQL\MySQL Fabric 1.5 &amp; MySQL Utilities 1.5\Doctrine extensions for PHP\;C:\Programming Languages\SQLite-3;D:\Program Files\Glassfish4.1\bin;D:\Program Files\Apache Tomcat\bin;C:\Program Files\Java\jre1.8.0_92;C:\Program Files\Java\jre1.8.0_92\bin;C:\Users\User1\jbdevstudio\runtimes\jboss-eap\bin;C:\Program Files (x86)\HP\NV\lib\thirdparty\safenet\LDK\7.0;C:\Program Files (x86)\HP\NV\lib\shunra\snv;C:\WINDOWS\system32;C:\WINDOWS;C:\WINDOWS\System32\Wbem;C:\WINDOWS\System32\WindowsPowerShell\v1.0\;C:\Program Files (x86)\Skype\Phone\;C:\Program Files (x86)\Common Files\Intuit\QBPOSSDKRuntime;C:\Program Files (x86)\Microsoft Team Foundation Server 2015 Power Tools\;C:\Users\User1\AppData\Local\.meteor\meteor.bat;%JRE_32_HOME\bin;D:\Program Files\curl-7.58.0\src\curl.exe;;C:\Program Files (x86)\Calibre2\;C:\Program Files\Git\cmd;C:\Program Files\Docker Toolbox;C:\Program Files\nodejs\;C:\Users\User1\appdata\local\scoop\shims;C:\Programming Languages\Ruby22-x64\bin;C:\Programming Languages\Anaconda;C:\Programming Languages\Anaconda\Scripts;C:\Program Files (x86)\Nmap;C:\Users\User1\AppData\Local\.meteor\;C:\Users\User1\AppData\Local\Microsoft\WindowsApps;;C:\Program Files\Docker Toolbox;C:\Users\User1\AppData\Roaming\npm;."/>
    <property name="java.specification.name" value="Java Platform API Specification"/>
    <property name="java.class.version" value="52.0"/>
    <property name="sun.management.compiler" value="HotSpot 64-Bit Tiered Compilers"/>
    <property name="os.version" value="10.0"/>
    <property name="user.home" value="C:\Users\User1"/>
    <property name="user.timezone" value="America/Los_Angeles"/>
    <property name="java.awt.printerjob" value="sun.awt.windows.WPrinterJob"/>
    <property name="java.specification.version" value="1.8"/>
    <property name="file.encoding" value="UTF-8"/>
    <property name="user.name" value="User1"/>
    <property name="java.class.path" value="C:\Program Files\JetBrains\IntelliJ IDEA 2017.2.2\plugins\maven\lib\maven3\boot\plexus-classworlds-2.5.2.jar;C:\Program Files\JetBrains\IntelliJ IDEA 2017.2.2\lib\idea_rt.jar"/>
    <property name="java.vm.specification.version" value="1.8"/>
    <property name="sun.arch.data.model" value="64"/>
    <property name="java.home" value="C:\Program Files\Java\jdk1.8.0_111\jre"/>
    <property name="sun.java.command" value="org.codehaus.classworlds.Launcher -Didea.version=2017.2.5 install"/>
    <property name="java.specification.vendor" value="Oracle Corporation"/>
    <property name="user.language" value="en"/>
    <property name="awt.toolkit" value="sun.awt.windows.WToolkit"/>
    <property name="java.vm.info" value="mixed mode"/>
    <property name="java.version" value="1.8.0_111"/>
    <property name="java.ext.dirs" value="C:\Program Files\Java\jdk1.8.0_111\jre\lib\ext;C:\WINDOWS\Sun\Java\lib\ext"/>
    <property name="sun.boot.class.path" value="C:\Program Files\Java\jdk1.8.0_111\jre\lib\resources.jar;C:\Program Files\Java\jdk1.8.0_111\jre\lib\rt.jar;C:\Program Files\Java\jdk1.8.0_111\jre\lib\sunrsasign.jar;C:\Program Files\Java\jdk1.8.0_111\jre\lib\jsse.jar;C:\Program Files\Java\jdk1.8.0_111\jre\lib\jce.jar;C:\Program Files\Java\jdk1.8.0_111\jre\lib\charsets.jar;C:\Program Files\Java\jdk1.8.0_111\jre\lib\jfr.jar;C:\Program Files\Java\jdk1.8.0_111\jre\classes"/>
    <property name="java.vendor" value="Oracle Corporation"/>
    <property name="maven.home" value="C:\Program Files\JetBrains\IntelliJ IDEA 2017.2.2\plugins\maven\lib\maven3"/>
    <property name="file.separator" value="\"/>
    <property name="java.vendor.url.bug" value="http://bugreport.sun.com/bugreport/"/>
    <property name="sun.cpu.endian" value="little"/>
    <property name="sun.io.unicode.encoding" value="UnicodeLittle"/>
    <property name="sun.desktop" value="windows"/>
    <property name="sun.cpu.isalist" value="amd64"/>
  </properties>
  <testcase classname="Database_Integration.InsertFormController_UnitTest" name="testAlertBox" time="0.003"/>
  <testcase classname="Database_Integration.InsertFormController_UnitTest" name="testAbout" time="0"/>
  <testcase classname="Database_Integration.InsertFormController_UnitTest" name="testInit" time="0"/>
  <testcase classname="Database_Integration.InsertFormController_UnitTest" name="testAddToDatabase" time="0"/>
  <testcase classname="Database_Integration.InsertFormController_UnitTest" name="testAddPhoto" time="0"/>
  <testcase classname="Database_Integration.InsertFormController_UnitTest" name="testInitialize" time="0"/>
  <testcase classname="Database_Integration.InsertFormController_UnitTest" name="testBackToTable" time="0"/>
  <testcase classname="Database_Integration.InsertFormController_UnitTest" name="testCloseFromMenu" time="0"/>
</testsuite>